2020-02-20 12:59:21,413 INFO notifyConnectTimeout:200

2020-02-20 12:59:21,413 INFO notifySocketTimeout:8000

2020-02-20 12:59:21,413 INFO isHealthCheck:true

2020-02-20 12:59:21,413 INFO maxHealthCheckFailCount:12

2020-02-20 12:59:21,413 INFO maxContent:10485760

2020-02-20 12:59:28,653 INFO ServerListService address-server port:8848

2020-02-20 12:59:28,654 INFO ADDRESS_SERVER_URL:http://jmenv.tbsite.net:8080/nacos/serverlist

2020-02-20 12:59:28,655 WARN [serverlist] updated to [192.168.216.1]

2020-02-20 12:59:28,861 WARN DumpService start

2020-02-20 12:59:28,865 INFO start clear all config-info.

2020-02-20 12:59:28,881 WARN clear all config-info failed.

2020-02-20 12:59:28,881 WARN clear all config-info-tenant failed.

2020-02-20 12:59:28,985 INFO start clear all config-info-beta.

2020-02-20 12:59:28,985 WARN clear all config-info-beta failed.

2020-02-20 12:59:28,986 WARN clear all config-info-beta-tenant failed.

2020-02-20 12:59:28,999 INFO start clear all config-info-tag.

2020-02-20 12:59:29,000 WARN clear all config-info-tag failed.

2020-02-20 12:59:29,000 WARN clear all config-info-tag-tenant failed.

2020-02-20 15:36:03,229 INFO notifyConnectTimeout:200

2020-02-20 15:36:03,229 INFO notifySocketTimeout:8000

2020-02-20 15:36:03,230 INFO isHealthCheck:true

2020-02-20 15:36:03,230 INFO maxHealthCheckFailCount:12

2020-02-20 15:36:03,230 INFO maxContent:10485760

2020-02-20 15:36:06,016 INFO Schema 'NACOS' already exists.

2020-02-20 15:36:06,224 INFO Table/View 'CONFIG_INFO' already exists in Schema 'NACOS'.

2020-02-20 15:36:06,393 INFO Table/View 'HIS_CONFIG_INFO' already exists in Schema 'NACOS'.

2020-02-20 15:36:06,505 INFO Table/View 'CONFIG_INFO_BETA' already exists in Schema 'NACOS'.

2020-02-20 15:36:06,600 INFO Table/View 'CONFIG_INFO_TAG' already exists in Schema 'NACOS'.

2020-02-20 15:36:06,669 INFO Table/View 'CONFIG_INFO_AGGR' already exists in Schema 'NACOS'.

2020-02-20 15:36:06,728 INFO Table/View 'APP_LIST' already exists in Schema 'NACOS'.

2020-02-20 15:36:06,789 INFO Table/View 'APP_CONFIGDATA_RELATION_SUBS' already exists in Schema 'NACOS'.

2020-02-20 15:36:06,854 INFO Table/View 'APP_CONFIGDATA_RELATION_PUBS' already exists in Schema 'NACOS'.

2020-02-20 15:36:06,919 INFO Table/View 'CONFIG_TAGS_RELATION' already exists in Schema 'NACOS'.

2020-02-20 15:36:06,994 INFO Table/View 'GROUP_CAPACITY' already exists in Schema 'NACOS'.

2020-02-20 15:36:07,061 INFO Table/View 'TENANT_CAPACITY' already exists in Schema 'NACOS'.

2020-02-20 15:36:07,166 INFO Table/View 'TENANT_INFO' already exists in Schema 'NACOS'.

2020-02-20 15:36:07,276 INFO Table/View 'USERS' already exists in Schema 'NACOS'.

2020-02-20 15:36:07,374 INFO Table/View 'ROLES' already exists in Schema 'NACOS'.

2020-02-20 15:36:07,473 INFO The statement was aborted because it would have caused a duplicate key value in a unique or primary key constraint or unique index identified by 'SQL200220125927890' defined on 'USERS'.

2020-02-20 15:36:07,918 INFO ServerListService address-server port:8848

2020-02-20 15:36:07,918 INFO ADDRESS_SERVER_URL:http://jmenv.tbsite.net:8080/nacos/serverlist

2020-02-20 15:36:07,920 WARN [serverlist] updated to [192.168.216.1]

2020-02-20 15:36:08,092 WARN DumpService start

2020-02-20 15:36:08,096 INFO start clear all config-info.

2020-02-20 15:36:08,104 WARN clear all config-info failed.

2020-02-20 15:36:08,104 WARN clear all config-info-tenant failed.

2020-02-20 15:36:08,288 INFO [all-dump] 10 / 10

2020-02-20 15:36:08,288 INFO start clear all config-info-beta.

2020-02-20 15:36:08,289 WARN clear all config-info-beta failed.

2020-02-20 15:36:08,289 WARN clear all config-info-beta-tenant failed.

2020-02-20 15:36:08,299 INFO start clear all config-info-tag.

2020-02-20 15:36:08,300 WARN clear all config-info-tag failed.

2020-02-20 15:36:08,300 WARN clear all config-info-tag-tenant failed.

2020-02-20 22:12:04,700 INFO notifyConnectTimeout:200

2020-02-20 22:12:04,701 INFO notifySocketTimeout:8000

2020-02-20 22:12:04,701 INFO isHealthCheck:true

2020-02-20 22:12:04,701 INFO maxHealthCheckFailCount:12

2020-02-20 22:12:04,701 INFO maxContent:10485760

2020-02-20 22:12:08,007 INFO Schema 'NACOS' already exists.

2020-02-20 22:12:08,447 INFO Table/View 'CONFIG_INFO' already exists in Schema 'NACOS'.

2020-02-20 22:12:08,587 INFO Table/View 'HIS_CONFIG_INFO' already exists in Schema 'NACOS'.

2020-02-20 22:12:08,695 INFO Table/View 'CONFIG_INFO_BETA' already exists in Schema 'NACOS'.

2020-02-20 22:12:08,796 INFO Table/View 'CONFIG_INFO_TAG' already exists in Schema 'NACOS'.

2020-02-20 22:12:08,904 INFO Table/View 'CONFIG_INFO_AGGR' already exists in Schema 'NACOS'.

2020-02-20 22:12:09,030 INFO Table/View 'APP_LIST' already exists in Schema 'NACOS'.

2020-02-20 22:12:09,801 INFO Table/View 'APP_CONFIGDATA_RELATION_SUBS' already exists in Schema 'NACOS'.

2020-02-20 22:12:10,319 INFO Table/View 'APP_CONFIGDATA_RELATION_PUBS' already exists in Schema 'NACOS'.

2020-02-20 22:12:10,536 INFO Table/View 'CONFIG_TAGS_RELATION' already exists in Schema 'NACOS'.

2020-02-20 22:12:10,655 INFO Table/View 'GROUP_CAPACITY' already exists in Schema 'NACOS'.

2020-02-20 22:12:10,748 INFO Table/View 'TENANT_CAPACITY' already exists in Schema 'NACOS'.

2020-02-20 22:12:10,880 INFO Table/View 'TENANT_INFO' already exists in Schema 'NACOS'.

2020-02-20 22:12:10,975 INFO Table/View 'USERS' already exists in Schema 'NACOS'.

2020-02-20 22:12:11,506 INFO Table/View 'ROLES' already exists in Schema 'NACOS'.

2020-02-20 22:12:11,629 INFO The statement was aborted because it would have caused a duplicate key value in a unique or primary key constraint or unique index identified by 'SQL200220125927890' defined on 'USERS'.

2020-02-20 22:12:11,993 INFO ServerListService address-server port:8848

2020-02-20 22:12:11,993 INFO ADDRESS_SERVER_URL:http://jmenv.tbsite.net:8080/nacos/serverlist

2020-02-20 22:12:11,994 WARN [serverlist] updated to [192.168.216.1]

2020-02-20 22:12:12,114 WARN DumpService start

2020-02-20 22:12:12,124 INFO start clear all config-info.

2020-02-20 22:12:12,132 WARN clear all config-info failed.

2020-02-20 22:12:12,133 WARN clear all config-info-tenant failed.

2020-02-20 22:12:12,297 INFO [all-dump] 10 / 10

2020-02-20 22:12:12,297 INFO start clear all config-info-beta.

2020-02-20 22:12:12,297 WARN clear all config-info-beta failed.

2020-02-20 22:12:12,297 WARN clear all config-info-beta-tenant failed.

2020-02-20 22:12:12,310 INFO start clear all config-info-tag.

2020-02-20 22:12:12,310 WARN clear all config-info-tag failed.

2020-02-20 22:12:12,310 WARN clear all config-info-tag-tenant failed.

2020-02-20 23:26:23,540 WARN [read-lock] failed, -1, small-gateway.yml+dev+3203f198-36cd-4bb3-9e7f-81d2e6c3eac8

