2020-02-22 00:02:44,320 INFO PERFORMANCE:|3|0|-1|-1

2020-02-22 00:07:44,326 INFO PERFORMANCE:|3|0|-1|-1

2020-02-22 00:12:44,327 INFO PERFORMANCE:|3|0|-1|-1

2020-02-22 00:17:44,329 INFO PERFORMANCE:|3|0|-1|-1

2020-02-22 00:22:44,331 INFO PERFORMANCE:|3|0|-1|-1

2020-02-22 00:27:44,333 INFO PERFORMANCE:|3|0|-1|-1

2020-02-22 00:32:44,334 INFO PERFORMANCE:|3|0|-1|-1

2020-02-22 00:37:44,336 INFO PERFORMANCE:|3|0|-1|-1

2020-02-22 00:42:44,338 INFO PERFORMANCE:|3|0|-1|-1

2020-02-22 00:47:44,340 INFO PERFORMANCE:|3|0|-1|-1

2020-02-22 00:52:44,341 INFO PERFORMANCE:|3|0|-1|-1

2020-02-22 00:57:44,342 INFO PERFORMANCE:|3|0|-1|-1

2020-02-22 01:02:44,344 INFO PERFORMANCE:|3|0|-1|-1

2020-02-22 01:07:44,585 INFO PERFORMANCE:|3|0|-1|-1

2020-02-22 01:12:44,586 INFO PERFORMANCE:|3|0|-1|-1

2020-02-22 01:17:44,587 INFO PERFORMANCE:|3|0|-1|-1

2020-02-22 01:22:44,589 INFO PERFORMANCE:|3|0|-1|-1

2020-02-22 01:27:44,591 INFO PERFORMANCE:|3|0|-1|-1

2020-02-22 01:32:44,592 INFO PERFORMANCE:|3|0|-1|-1

2020-02-22 01:37:44,593 INFO PERFORMANCE:|3|0|-1|-1

2020-02-22 01:42:44,595 INFO PERFORMANCE:|3|0|-1|-1

2020-02-22 01:47:44,596 INFO PERFORMANCE:|3|0|-1|-1

2020-02-22 01:52:44,598 INFO PERFORMANCE:|3|0|-1|-1

2020-02-22 01:57:44,600 INFO PERFORMANCE:|3|0|-1|-1

2020-02-22 02:02:44,601 INFO PERFORMANCE:|3|0|-1|-1

2020-02-22 02:07:44,601 INFO PERFORMANCE:|3|0|-1|-1

2020-02-22 02:12:44,602 INFO PERFORMANCE:|3|0|-1|-1

2020-02-22 02:17:44,603 INFO PERFORMANCE:|3|0|-1|-1

2020-02-22 02:22:44,604 INFO PERFORMANCE:|3|0|-1|-1

2020-02-22 02:27:44,605 INFO PERFORMANCE:|3|0|-1|-1

2020-02-22 02:32:44,607 INFO PERFORMANCE:|3|0|-1|-1

2020-02-22 02:37:44,609 INFO PERFORMANCE:|3|0|-1|-1

2020-02-22 02:42:44,609 INFO PERFORMANCE:|3|0|-1|-1

2020-02-22 02:47:44,611 INFO PERFORMANCE:|3|0|-1|-1

2020-02-22 02:52:44,613 INFO PERFORMANCE:|3|0|-1|-1

2020-02-22 02:57:44,614 INFO PERFORMANCE:|3|0|-1|-1

2020-02-22 03:02:44,616 INFO PERFORMANCE:|3|0|-1|-1

2020-02-22 03:07:44,618 INFO PERFORMANCE:|3|0|-1|-1

2020-02-22 03:12:44,619 INFO PERFORMANCE:|3|0|-1|-1

2020-02-22 03:17:44,620 INFO PERFORMANCE:|3|0|-1|-1

2020-02-22 03:22:44,622 INFO PERFORMANCE:|3|0|-1|-1

2020-02-22 03:27:44,624 INFO PERFORMANCE:|3|0|-1|-1

2020-02-22 03:32:44,626 INFO PERFORMANCE:|3|0|-1|-1

2020-02-22 03:37:44,626 INFO PERFORMANCE:|3|0|-1|-1

2020-02-22 03:42:44,628 INFO PERFORMANCE:|3|0|-1|-1

2020-02-22 03:47:44,630 INFO PERFORMANCE:|3|0|-1|-1

2020-02-22 03:52:44,631 INFO PERFORMANCE:|3|0|-1|-1

2020-02-22 03:57:44,633 INFO PERFORMANCE:|3|0|-1|-1

2020-02-22 04:02:44,635 INFO PERFORMANCE:|3|0|-1|-1

2020-02-22 04:07:44,636 INFO PERFORMANCE:|3|0|-1|-1

2020-02-22 04:12:44,637 INFO PERFORMANCE:|3|0|-1|-1

2020-02-22 04:17:44,639 INFO PERFORMANCE:|3|0|-1|-1

2020-02-22 04:22:44,641 INFO PERFORMANCE:|3|0|-1|-1

2020-02-22 04:27:44,641 INFO PERFORMANCE:|3|0|-1|-1

2020-02-22 04:32:44,643 INFO PERFORMANCE:|3|0|-1|-1

2020-02-22 04:37:44,645 INFO PERFORMANCE:|3|0|-1|-1

2020-02-22 04:42:44,647 INFO PERFORMANCE:|3|0|-1|-1

2020-02-22 04:47:44,648 INFO PERFORMANCE:|3|0|-1|-1

2020-02-22 04:52:44,650 INFO PERFORMANCE:|3|0|-1|-1

2020-02-22 04:57:44,651 INFO PERFORMANCE:|3|0|-1|-1

2020-02-22 05:02:44,651 INFO PERFORMANCE:|3|0|-1|-1

2020-02-22 05:07:44,653 INFO PERFORMANCE:|3|0|-1|-1

2020-02-22 05:12:44,655 INFO PERFORMANCE:|3|0|-1|-1

2020-02-22 05:17:44,656 INFO PERFORMANCE:|3|0|-1|-1

2020-02-22 05:22:44,657 INFO PERFORMANCE:|3|0|-1|-1

2020-02-22 05:27:44,659 INFO PERFORMANCE:|3|0|-1|-1

2020-02-22 05:32:44,661 INFO PERFORMANCE:|3|0|-1|-1

2020-02-22 05:37:44,661 INFO PERFORMANCE:|3|0|-1|-1

2020-02-22 05:42:44,663 INFO PERFORMANCE:|3|0|-1|-1

2020-02-22 05:47:44,665 INFO PERFORMANCE:|3|0|-1|-1

2020-02-22 05:52:44,666 INFO PERFORMANCE:|3|0|-1|-1

2020-02-22 05:57:44,668 INFO PERFORMANCE:|3|0|-1|-1

2020-02-22 06:02:44,670 INFO PERFORMANCE:|3|0|-1|-1

2020-02-22 06:07:44,671 INFO PERFORMANCE:|3|0|-1|-1

2020-02-22 06:12:44,671 INFO PERFORMANCE:|3|0|-1|-1

2020-02-22 06:17:44,673 INFO PERFORMANCE:|3|0|-1|-1

2020-02-22 06:22:44,674 INFO PERFORMANCE:|3|0|-1|-1

2020-02-22 06:27:44,676 INFO PERFORMANCE:|3|0|-1|-1

2020-02-22 06:32:44,677 INFO PERFORMANCE:|3|0|-1|-1

2020-02-22 06:37:44,678 INFO PERFORMANCE:|3|0|-1|-1

2020-02-22 06:42:44,679 INFO PERFORMANCE:|3|0|-1|-1

2020-02-22 06:47:44,680 INFO PERFORMANCE:|3|0|-1|-1

2020-02-22 06:52:44,681 INFO PERFORMANCE:|3|0|-1|-1

2020-02-22 06:57:44,683 INFO PERFORMANCE:|3|0|-1|-1

2020-02-22 07:02:44,684 INFO PERFORMANCE:|3|0|-1|-1

2020-02-22 07:07:44,684 INFO PERFORMANCE:|3|0|-1|-1

2020-02-22 07:12:44,686 INFO PERFORMANCE:|3|0|-1|-1

2020-02-22 07:17:44,688 INFO PERFORMANCE:|3|0|-1|-1

2020-02-22 07:22:44,689 INFO PERFORMANCE:|3|0|-1|-1

2020-02-22 07:27:44,691 INFO PERFORMANCE:|3|0|-1|-1

2020-02-22 07:32:44,694 INFO PERFORMANCE:|3|0|-1|-1

2020-02-22 07:37:44,695 INFO PERFORMANCE:|3|0|-1|-1

2020-02-22 07:42:44,696 INFO PERFORMANCE:|3|0|-1|-1

2020-02-22 07:47:44,697 INFO PERFORMANCE:|3|0|-1|-1

2020-02-22 07:52:44,700 INFO PERFORMANCE:|3|0|-1|-1

2020-02-22 07:57:44,701 INFO PERFORMANCE:|3|0|-1|-1

2020-02-22 08:02:44,703 INFO PERFORMANCE:|3|0|-1|-1

2020-02-22 08:07:44,705 INFO PERFORMANCE:|3|0|-1|-1

2020-02-22 08:12:44,706 INFO PERFORMANCE:|3|0|-1|-1

2020-02-22 08:17:44,708 INFO PERFORMANCE:|3|0|-1|-1

2020-02-22 08:22:44,710 INFO PERFORMANCE:|3|0|-1|-1

2020-02-22 08:27:44,712 INFO PERFORMANCE:|3|0|-1|-1

2020-02-22 08:32:44,713 INFO PERFORMANCE:|3|0|-1|-1

2020-02-22 08:37:44,715 INFO PERFORMANCE:|3|0|-1|-1

2020-02-22 08:42:44,717 INFO PERFORMANCE:|3|0|-1|-1

2020-02-22 08:47:44,718 INFO PERFORMANCE:|3|0|-1|-1

2020-02-22 08:52:44,719 INFO PERFORMANCE:|3|0|-1|-1

2020-02-22 08:57:44,721 INFO PERFORMANCE:|3|0|-1|-1

2020-02-22 09:02:44,723 INFO PERFORMANCE:|3|0|-1|-1

2020-02-22 09:07:44,724 INFO PERFORMANCE:|3|0|-1|-1

2020-02-22 09:12:44,725 INFO PERFORMANCE:|3|0|-1|-1

2020-02-22 09:17:44,727 INFO PERFORMANCE:|3|0|-1|-1

2020-02-22 09:22:44,729 INFO PERFORMANCE:|3|0|-1|-1

2020-02-22 09:27:44,729 INFO PERFORMANCE:|3|0|-1|-1

2020-02-22 09:32:44,731 INFO PERFORMANCE:|3|0|-1|-1

2020-02-22 09:37:44,733 INFO PERFORMANCE:|3|0|-1|-1

2020-02-22 09:42:44,734 INFO PERFORMANCE:|3|0|-1|-1

2020-02-22 09:47:44,735 INFO PERFORMANCE:|3|0|-1|-1

2020-02-22 09:52:44,736 INFO PERFORMANCE:|3|0|-1|-1

2020-02-22 09:57:44,737 INFO PERFORMANCE:|3|0|-1|-1

2020-02-22 10:02:44,739 INFO PERFORMANCE:|3|0|-1|-1

2020-02-22 10:07:44,741 INFO PERFORMANCE:|3|0|-1|-1

2020-02-22 10:12:44,743 INFO PERFORMANCE:|3|0|-1|-1

2020-02-22 10:17:44,744 INFO PERFORMANCE:|3|0|-1|-1

2020-02-22 10:22:44,746 INFO PERFORMANCE:|3|0|-1|-1

2020-02-22 10:27:44,747 INFO PERFORMANCE:|3|0|-1|-1

2020-02-22 10:32:44,748 INFO PERFORMANCE:|3|0|-1|-1

2020-02-22 10:37:44,750 INFO PERFORMANCE:|3|0|-1|-1

2020-02-22 10:42:44,752 INFO PERFORMANCE:|3|0|-1|-1

2020-02-22 10:47:44,754 INFO PERFORMANCE:|3|0|-1|-1

2020-02-22 10:52:44,755 INFO PERFORMANCE:|3|0|-1|-1

2020-02-22 10:57:44,757 INFO PERFORMANCE:|3|0|-1|-1

2020-02-22 11:02:44,759 INFO PERFORMANCE:|3|0|-1|-1

2020-02-22 11:07:44,760 INFO PERFORMANCE:|3|0|-1|-1

2020-02-22 11:12:44,762 INFO PERFORMANCE:|3|0|-1|-1

2020-02-22 11:17:44,764 INFO PERFORMANCE:|3|0|-1|-1

2020-02-22 11:22:44,765 INFO PERFORMANCE:|3|0|-1|-1

2020-02-22 11:27:44,765 INFO PERFORMANCE:|3|0|-1|-1

2020-02-22 11:32:44,767 INFO PERFORMANCE:|3|0|-1|-1

2020-02-22 11:37:44,769 INFO PERFORMANCE:|3|0|-1|-1

2020-02-22 11:42:44,770 INFO PERFORMANCE:|3|0|-1|-1

2020-02-22 11:47:44,772 INFO PERFORMANCE:|3|0|-1|-1

2020-02-22 11:52:44,774 INFO PERFORMANCE:|3|0|-1|-1

2020-02-22 11:57:44,776 INFO PERFORMANCE:|3|0|-1|-1

2020-02-22 12:02:44,777 INFO PERFORMANCE:|3|0|-1|-1

2020-02-22 12:07:44,779 INFO PERFORMANCE:|3|0|-1|-1

2020-02-22 12:12:44,781 INFO PERFORMANCE:|3|0|-1|-1

2020-02-22 12:17:44,783 INFO PERFORMANCE:|3|0|-1|-1

2020-02-22 12:22:44,784 INFO PERFORMANCE:|3|0|-1|-1

2020-02-22 12:27:44,786 INFO PERFORMANCE:|3|0|-1|-1

2020-02-22 12:32:44,786 INFO PERFORMANCE:|3|0|-1|-1

2020-02-22 12:37:44,787 INFO PERFORMANCE:|3|0|-1|-1

2020-02-22 12:42:44,788 INFO PERFORMANCE:|3|0|-1|-1

2020-02-22 12:47:44,790 INFO PERFORMANCE:|3|0|-1|-1

2020-02-22 12:52:44,791 INFO PERFORMANCE:|3|0|-1|-1

2020-02-22 12:57:44,793 INFO PERFORMANCE:|3|0|-1|-1

2020-02-22 13:02:44,794 INFO PERFORMANCE:|3|0|-1|-1

2020-02-22 13:07:44,796 INFO PERFORMANCE:|3|0|-1|-1

2020-02-22 13:12:44,797 INFO PERFORMANCE:|3|0|-1|-1

2020-02-22 13:17:44,799 INFO PERFORMANCE:|3|0|-1|-1

2020-02-22 13:22:44,801 INFO PERFORMANCE:|3|0|-1|-1

2020-02-22 13:27:44,802 INFO PERFORMANCE:|3|0|-1|-1

2020-02-22 13:32:44,803 INFO PERFORMANCE:|3|0|-1|-1

2020-02-22 13:37:44,804 INFO PERFORMANCE:|3|0|-1|-1

2020-02-22 13:42:44,804 INFO PERFORMANCE:|3|0|-1|-1

2020-02-22 13:47:44,806 INFO PERFORMANCE:|3|0|-1|-1

2020-02-22 13:52:44,808 INFO PERFORMANCE:|3|0|-1|-1

2020-02-22 13:57:44,809 INFO PERFORMANCE:|3|0|-1|-1

2020-02-22 14:02:44,811 INFO PERFORMANCE:|3|0|-1|-1

2020-02-22 14:07:44,813 INFO PERFORMANCE:|3|0|-1|-1

2020-02-22 14:12:44,814 INFO PERFORMANCE:|3|0|-1|-1

2020-02-22 14:17:44,816 INFO PERFORMANCE:|3|0|-1|-1

2020-02-22 14:22:44,817 INFO PERFORMANCE:|3|0|-1|-1

2020-02-22 14:27:44,819 INFO PERFORMANCE:|3|0|-1|-1

2020-02-22 14:32:44,821 INFO PERFORMANCE:|3|0|-1|-1

2020-02-22 14:37:44,823 INFO PERFORMANCE:|3|0|-1|-1

2020-02-22 14:42:44,825 INFO PERFORMANCE:|3|0|-1|-1

2020-02-22 14:47:44,827 INFO PERFORMANCE:|3|0|-1|-1

2020-02-22 14:52:44,829 INFO PERFORMANCE:|3|0|-1|-1

2020-02-22 14:57:44,830 INFO PERFORMANCE:|3|0|-1|-1

2020-02-22 15:02:44,832 INFO PERFORMANCE:|3|0|-1|-1

2020-02-22 15:07:44,833 INFO PERFORMANCE:|3|0|-1|-1

2020-02-22 15:12:44,835 INFO PERFORMANCE:|3|0|-1|-1

2020-02-22 15:17:44,836 INFO PERFORMANCE:|3|0|-1|-1

2020-02-22 15:22:44,838 INFO PERFORMANCE:|3|0|-1|-1

2020-02-22 15:27:44,839 INFO PERFORMANCE:|3|0|-1|-1

2020-02-22 15:32:44,841 INFO PERFORMANCE:|3|0|-1|-1

2020-02-22 15:37:44,841 INFO PERFORMANCE:|3|0|-1|-1

2020-02-22 15:42:44,843 INFO PERFORMANCE:|3|0|-1|-1

2020-02-22 15:47:44,845 INFO PERFORMANCE:|3|0|-1|-1

2020-02-22 15:52:44,846 INFO PERFORMANCE:|3|0|-1|-1

2020-02-22 15:57:44,848 INFO PERFORMANCE:|3|0|-1|-1

2020-02-22 16:02:44,851 INFO PERFORMANCE:|3|0|-1|-1

2020-02-22 16:07:44,852 INFO PERFORMANCE:|3|0|-1|-1

2020-02-22 16:12:44,854 INFO PERFORMANCE:|3|0|-1|-1

2020-02-22 16:17:44,856 INFO PERFORMANCE:|3|0|-1|-1

2020-02-22 16:22:44,857 INFO PERFORMANCE:|3|0|-1|-1

2020-02-22 16:27:44,859 INFO PERFORMANCE:|3|0|-1|-1

2020-02-22 16:32:44,860 INFO PERFORMANCE:|3|0|-1|-1

2020-02-22 16:37:44,862 INFO PERFORMANCE:|3|0|-1|-1

2020-02-22 16:42:44,863 INFO PERFORMANCE:|3|0|-1|-1

2020-02-22 16:47:44,864 INFO PERFORMANCE:|3|0|-1|-1

2020-02-22 16:52:44,866 INFO PERFORMANCE:|3|0|-1|-1

2020-02-22 16:57:44,868 INFO PERFORMANCE:|3|0|-1|-1

2020-02-22 17:02:44,869 INFO PERFORMANCE:|3|0|-1|-1

2020-02-22 17:07:44,870 INFO PERFORMANCE:|3|0|-1|-1

2020-02-22 17:12:44,872 INFO PERFORMANCE:|3|0|-1|-1

2020-02-22 17:17:44,874 INFO PERFORMANCE:|3|0|-1|-1

2020-02-22 17:22:44,876 INFO PERFORMANCE:|3|0|-1|-1

2020-02-22 17:27:44,877 INFO PERFORMANCE:|3|0|-1|-1

2020-02-22 17:32:44,878 INFO PERFORMANCE:|3|0|-1|-1

2020-02-22 17:37:44,879 INFO PERFORMANCE:|3|0|-1|-1

2020-02-22 17:42:44,881 INFO PERFORMANCE:|3|0|-1|-1

2020-02-22 17:47:44,882 INFO PERFORMANCE:|3|0|-1|-1

2020-02-22 17:52:44,883 INFO PERFORMANCE:|3|0|-1|-1

2020-02-22 17:57:44,884 INFO PERFORMANCE:|3|0|-1|-1

2020-02-22 18:02:44,886 INFO PERFORMANCE:|3|0|-1|-1

2020-02-22 18:07:44,888 INFO PERFORMANCE:|3|0|-1|-1

2020-02-22 18:12:44,890 INFO PERFORMANCE:|3|0|-1|-1

2020-02-22 18:17:44,891 INFO PERFORMANCE:|3|0|-1|-1

2020-02-22 18:22:44,893 INFO PERFORMANCE:|3|0|-1|-1

2020-02-22 18:27:44,895 INFO PERFORMANCE:|3|0|-1|-1

2020-02-22 18:32:44,895 INFO PERFORMANCE:|3|0|-1|-1

2020-02-22 18:37:44,897 INFO PERFORMANCE:|3|0|-1|-1

2020-02-22 18:42:44,899 INFO PERFORMANCE:|3|0|-1|-1

2020-02-22 18:47:44,900 INFO PERFORMANCE:|3|0|-1|-1

2020-02-22 18:52:44,901 INFO PERFORMANCE:|3|0|-1|-1

2020-02-22 18:57:44,903 INFO PERFORMANCE:|3|0|-1|-1

2020-02-22 19:02:44,904 INFO PERFORMANCE:|3|0|-1|-1

2020-02-22 19:07:44,904 INFO PERFORMANCE:|3|0|-1|-1

2020-02-22 19:12:44,905 INFO PERFORMANCE:|3|0|-1|-1

2020-02-22 19:17:44,907 INFO PERFORMANCE:|3|0|-1|-1

2020-02-22 19:22:44,908 INFO PERFORMANCE:|3|0|-1|-1

2020-02-22 19:27:44,910 INFO PERFORMANCE:|3|0|-1|-1

2020-02-22 19:32:44,912 INFO PERFORMANCE:|3|0|-1|-1

2020-02-22 19:37:44,913 INFO PERFORMANCE:|3|0|-1|-1

2020-02-22 19:42:44,915 INFO PERFORMANCE:|3|0|-1|-1

2020-02-22 19:47:44,917 INFO PERFORMANCE:|3|0|-1|-1

2020-02-22 19:52:44,919 INFO PERFORMANCE:|3|0|-1|-1

2020-02-22 19:57:44,919 INFO PERFORMANCE:|3|0|-1|-1

2020-02-22 20:02:44,920 INFO PERFORMANCE:|3|0|-1|-1

2020-02-22 20:07:44,922 INFO PERFORMANCE:|3|0|-1|-1

2020-02-22 20:12:44,924 INFO PERFORMANCE:|3|0|-1|-1

2020-02-22 20:17:44,925 INFO PERFORMANCE:|3|0|-1|-1

2020-02-22 20:22:44,927 INFO PERFORMANCE:|3|0|-1|-1

2020-02-22 20:27:44,929 INFO PERFORMANCE:|3|0|-1|-1

2020-02-22 20:32:44,930 INFO PERFORMANCE:|3|0|-1|-1

2020-02-22 20:37:44,932 INFO PERFORMANCE:|3|0|-1|-1

2020-02-22 20:42:44,933 INFO PERFORMANCE:|3|0|-1|-1

2020-02-22 20:47:44,934 INFO PERFORMANCE:|3|0|-1|-1

2020-02-22 20:52:44,935 INFO PERFORMANCE:|3|0|-1|-1

2020-02-22 20:57:44,936 INFO PERFORMANCE:|3|0|-1|-1

2020-02-22 21:02:44,938 INFO PERFORMANCE:|3|0|-1|-1

2020-02-22 21:07:44,940 INFO PERFORMANCE:|3|0|-1|-1

2020-02-22 21:12:44,941 INFO PERFORMANCE:|3|0|-1|-1

2020-02-22 21:17:44,943 INFO PERFORMANCE:|3|0|-1|-1

2020-02-22 21:22:44,945 INFO PERFORMANCE:|3|0|-1|-1

2020-02-22 21:27:44,947 INFO PERFORMANCE:|3|0|-1|-1

2020-02-22 21:32:44,948 INFO PERFORMANCE:|3|0|-1|-1

2020-02-22 21:37:44,949 INFO PERFORMANCE:|3|0|-1|-1

2020-02-22 21:42:44,950 INFO PERFORMANCE:|3|0|-1|-1

2020-02-22 21:47:44,951 INFO PERFORMANCE:|3|0|-1|-1

2020-02-22 21:52:44,952 INFO PERFORMANCE:|3|0|-1|-1

2020-02-22 21:57:44,954 INFO PERFORMANCE:|3|0|-1|-1

2020-02-22 22:02:44,955 INFO PERFORMANCE:|3|0|-1|-1

2020-02-22 22:07:44,958 INFO PERFORMANCE:|3|0|-1|-1

